<?xml version="1.0" encoding="UTF-8"?>
<!-- Generated by org.testng.reporters.JUnitReportReporter -->
<testsuite skipped="0" hostname="DESKTOP-6JK916T" name="com.capgemini.snapdeal.runner.Tc_Login_Runner" tests="1" failures="0" timestamp="19 May 2020 12:37:49 GMT" time="31.763" errors="0">
  <testcase name="feature" time="31.763" classname="com.capgemini.snapdeal.runner.Tc_Login_Runner"/>
</testsuite> <!-- com.capgemini.snapdeal.runner.Tc_Login_Runner -->
