<?xml version="1.0" encoding="UTF-8"?>
<!-- Generated by org.testng.reporters.JUnitReportReporter -->
<testsuite skipped="0" hostname="DESKTOP-6JK916T" name="com.capgemini.snapdeal.runner.Tc_Payment_Runner" tests="1" failures="0" timestamp="13 May 2020 16:27:20 GMT" time="40.639" errors="0">
  <testcase name="feature" time="40.639" classname="com.capgemini.snapdeal.runner.Tc_Payment_Runner"/>
</testsuite> <!-- com.capgemini.snapdeal.runner.Tc_Payment_Runner -->
