<?xml version="1.0" encoding="UTF-8"?>
<!-- Generated by org.testng.reporters.JUnitReportReporter -->
<testsuite skipped="0" hostname="DESKTOP-6JK916T" name="com.capgemini.snapdeal.runner.Tc_Payment_Runner" tests="1" failures="0" timestamp="19 May 2020 18:08:00 GMT" time="37.824" errors="0">
  <testcase name="feature" time="37.824" classname="com.capgemini.snapdeal.runner.Tc_Payment_Runner"/>
</testsuite> <!-- com.capgemini.snapdeal.runner.Tc_Payment_Runner -->
