<?xml version="1.0" encoding="UTF-8"?>
<!-- Generated by org.testng.reporters.JUnitReportReporter -->
<testsuite skipped="0" hostname="DESKTOP-6JK916T" name="com.capgemini.snapdeal.runner.Tc_Deliver_Runner$Tc_Payment_Runner" tests="1" failures="0" timestamp="20 May 2020 07:27:55 GMT" time="34.451" errors="0">
  <testcase name="feature" time="34.451" classname="com.capgemini.snapdeal.runner.Tc_Deliver_Runner$Tc_Payment_Runner"/>
</testsuite> <!-- com.capgemini.snapdeal.runner.Tc_Deliver_Runner$Tc_Payment_Runner -->
