<?xml version="1.0" encoding="UTF-8"?>
<!-- Generated by org.testng.reporters.JUnitReportReporter -->
<testsuite skipped="0" hostname="DESKTOP-6JK916T" name="com.capgemini.snapdeal.runner.Tc_Tags_Runner" tests="1" failures="0" timestamp="19 May 2020 17:55:34 GMT" time="139.903" errors="1">
  <testcase name="feature" time="139.903" classname="com.capgemini.snapdeal.runner.Tc_Tags_Runner">
    <error type="cucumber.runtime.CucumberException" message="org.openqa.selenium.NoSuchElementException: Cannot locate an element using xpath=//div[@class=&quot;remove-item-div&quot;]
For documentation on this error, please visit: https://www.seleniumhq.org/exceptions/no_such_element.html
Build info: version: &#039;3.141.59&#039;, revision: &#039;e82be7d358&#039;, time: &#039;2018-11-14T08:17:03&#039;
System info: host: &#039;DESKTOP-6JK916T&#039;, ip: &#039;192.168.43.77&#039;, os.name: &#039;Windows 10&#039;, os.arch: &#039;amd64&#039;, os.version: &#039;10.0&#039;, java.version: &#039;1.8.0_221&#039;
Driver info: driver.version: RemoteWebDriver">
      <![CDATA[cucumber.runtime.CucumberException: org.openqa.selenium.NoSuchElementException: Cannot locate an element using xpath=//div[@class="remove-item-div"]
For documentation on this error, please visit: https://www.seleniumhq.org/exceptions/no_such_element.html
Build info: version: '3.141.59', revision: 'e82be7d358', time: '2018-11-14T08:17:03'
System info: host: 'DESKTOP-6JK916T', ip: '192.168.43.77', os.name: 'Windows 10', os.arch: 'amd64', os.version: '10.0', java.version: '1.8.0_221'
Driver info: driver.version: RemoteWebDriver
	at cucumber.api.testng.TestNGCucumberRunner.runCucumber(TestNGCucumberRunner.java:69)
	at cucumber.api.testng.AbstractTestNGCucumberTests.feature(AbstractTestNGCucumberTests.java:21)
	at sun.reflect.NativeMethodAccessorImpl.invoke0(Native Method)
	at sun.reflect.NativeMethodAccessorImpl.invoke(Unknown Source)
	at sun.reflect.DelegatingMethodAccessorImpl.invoke(Unknown Source)
	at java.lang.reflect.Method.invoke(Unknown Source)
	at org.testng.internal.MethodInvocationHelper.invokeMethod(MethodInvocationHelper.java:108)
	at org.testng.internal.Invoker.invokeMethod(Invoker.java:661)
	at org.testng.internal.Invoker.invokeTestMethod(Invoker.java:869)
	at org.testng.internal.Invoker.invokeTestMethods(Invoker.java:1193)
	at org.testng.internal.TestMethodWorker.invokeTestMethods(TestMethodWorker.java:126)
	at org.testng.internal.TestMethodWorker.run(TestMethodWorker.java:109)
	at org.testng.TestRunner.privateRun(TestRunner.java:744)
	at org.testng.TestRunner.run(TestRunner.java:602)
	at org.testng.SuiteRunner.runTest(SuiteRunner.java:380)
	at org.testng.SuiteRunner.runSequentially(SuiteRunner.java:375)
	at org.testng.SuiteRunner.privateRun(SuiteRunner.java:340)
	at org.testng.SuiteRunner.run(SuiteRunner.java:289)
	at org.testng.SuiteRunnerWorker.runSuite(SuiteRunnerWorker.java:52)
	at org.testng.SuiteRunnerWorker.run(SuiteRunnerWorker.java:86)
	at org.testng.TestNG.runSuitesSequentially(TestNG.java:1301)
	at org.testng.TestNG.runSuitesLocally(TestNG.java:1226)
	at org.testng.TestNG.runSuites(TestNG.java:1144)
	at org.testng.TestNG.run(TestNG.java:1115)
	at org.testng.remote.AbstractRemoteTestNG.run(AbstractRemoteTestNG.java:115)
	at org.testng.remote.RemoteTestNG.initAndRun(RemoteTestNG.java:251)
	at org.testng.remote.RemoteTestNG.main(RemoteTestNG.java:77)
Caused by: org.openqa.selenium.NoSuchElementException: Cannot locate an element using xpath=//div[@class="remove-item-div"]
For documentation on this error, please visit: https://www.seleniumhq.org/exceptions/no_such_element.html
Build info: version: '3.141.59', revision: 'e82be7d358', time: '2018-11-14T08:17:03'
System info: host: 'DESKTOP-6JK916T', ip: '192.168.43.77', os.name: 'Windows 10', os.arch: 'amd64', os.version: '10.0', java.version: '1.8.0_221'
Driver info: driver.version: RemoteWebDriver
	at org.openqa.selenium.remote.RemoteWebDriver.findElement(RemoteWebDriver.java:327)
	at org.openqa.selenium.remote.RemoteWebDriver.findElementByXPath(RemoteWebDriver.java:428)
	at org.openqa.selenium.By$ByXPath.findElement(By.java:353)
	at org.openqa.selenium.remote.RemoteWebDriver.findElement(RemoteWebDriver.java:315)
	at org.openqa.selenium.support.pagefactory.DefaultElementLocator.findElement(DefaultElementLocator.java:69)
	at org.openqa.selenium.support.pagefactory.internal.LocatingElementHandler.invoke(LocatingElementHandler.java:38)
	at com.sun.proxy.$Proxy19.click(Unknown Source)
	at com.capgemini.snapdeal.page.Tc_Tags_Page.getRemove(Tc_Tags_Page.java:139)
	at com.capgemini.snapdeal.step.Tc_Tags_Step.user_clicks_on_remove_product(Tc_Tags_Step.java:146)
	at âœ½.When user clicks on remove product(C:/Users/system1/Desktop/ParallelAutomation/SnapDealAutomation/src/main/java/com/capgemini/snapdeal/feature/Tc_Tags.feature:33)
]]>
    </error>
  </testcase> <!-- feature -->
</testsuite> <!-- com.capgemini.snapdeal.runner.Tc_Tags_Runner -->
