<?xml version="1.0" encoding="UTF-8"?>
<!-- Generated by org.testng.reporters.JUnitReportReporter -->
<testsuite skipped="0" hostname="DESKTOP-6JK916T" name="com.capgemini.snapdeal.runner.Tc_AddProduct_Runner" tests="1" failures="0" timestamp="10 May 2020 10:59:00 GMT" time="37.623" errors="0">
  <testcase name="feature" time="37.623" classname="com.capgemini.snapdeal.runner.Tc_AddProduct_Runner"/>
</testsuite> <!-- com.capgemini.snapdeal.runner.Tc_AddProduct_Runner -->
