<?xml version="1.0" encoding="UTF-8"?>
<!-- Generated by org.testng.reporters.JUnitReportReporter -->
<testsuite skipped="0" hostname="DESKTOP-6JK916T" name="com.capgemini.snapdeal.runner.Tc_AddProduct_Runner" tests="1" failures="0" timestamp="04 May 2020 12:00:12 GMT" time="29.806" errors="0">
  <testcase name="feature" time="29.806" classname="com.capgemini.snapdeal.runner.Tc_AddProduct_Runner"/>
</testsuite> <!-- com.capgemini.snapdeal.runner.Tc_AddProduct_Runner -->
