<?xml version="1.0" encoding="UTF-8"?>
<!-- Generated by org.testng.reporters.JUnitReportReporter -->
<testsuite skipped="0" hostname="DESKTOP-6JK916T" name="com.capgemini.snapdeal.runner.Login_Runner" tests="1" failures="0" timestamp="04 May 2020 05:08:33 GMT" time="20.651" errors="0">
  <testcase name="feature" time="20.651" classname="com.capgemini.snapdeal.runner.Login_Runner"/>
</testsuite> <!-- com.capgemini.snapdeal.runner.Login_Runner -->
