<?xml version="1.0" encoding="UTF-8"?>
<!-- Generated by org.testng.reporters.JUnitReportReporter -->
<testsuite skipped="0" hostname="DESKTOP-6JK916T" name="com.capgemini.snapdeal.runner.Tc_Login_Runner" tests="1" failures="0" timestamp="04 May 2020 05:20:52 GMT" time="49.251" errors="0">
  <testcase name="feature" time="49.251" classname="com.capgemini.snapdeal.runner.Tc_Login_Runner"/>
</testsuite> <!-- com.capgemini.snapdeal.runner.Tc_Login_Runner -->
